<?xml version="1.0" encoding="UTF-8"?>
<testng-results ignored="0" total="2" passed="2" failed="0" skipped="0">
  <reporter-output>
  </reporter-output>
  <suite started-at="2023-07-13T11:54:17 IST" name="OpencartSuite" finished-at="2023-07-13T11:55:04 IST" duration-ms="47042">
    <groups>
      <group name="regression">
        <method signature="TC_001_AccountRegistrationTest.test_account_Registration()[pri:0, instance:testCases.TC_001_AccountRegistrationTest@27f981c6]" name="test_account_Registration" class="testCases.TC_001_AccountRegistrationTest"/>
      </group> <!-- regression -->
      <group name="sanity">
        <method signature="TC002_logintest.logIn()[pri:0, instance:testCases.TC002_logintest@d9345cd]" name="logIn" class="testCases.TC002_logintest"/>
      </group> <!-- sanity -->
      <group name="master">
        <method signature="TC002_logintest.logIn()[pri:0, instance:testCases.TC002_logintest@d9345cd]" name="logIn" class="testCases.TC002_logintest"/>
        <method signature="TC_001_AccountRegistrationTest.test_account_Registration()[pri:0, instance:testCases.TC_001_AccountRegistrationTest@27f981c6]" name="test_account_Registration" class="testCases.TC_001_AccountRegistrationTest"/>
      </group> <!-- master -->
    </groups>
    <test started-at="2023-07-13T11:54:17 IST" name="OpencartTest" finished-at="2023-07-13T11:55:04 IST" duration-ms="47042">
      <class name="testCases.TC002_logintest">
        <test-method is-config="true" signature="setUp(java.lang.String)[pri:0, instance:testCases.TC002_logintest@d9345cd]" started-at="2023-07-13T11:54:27 IST" name="setUp" finished-at="2023-07-13T11:54:33 IST" duration-ms="5891" status="PASS">
          <params>
            <param index="0">
              <value>
                <![CDATA[chrome]]>
              </value>
            </param>
          </params>
          <reporter-output>
          </reporter-output>
        </test-method> <!-- setUp -->
        <test-method signature="logIn()[pri:0, instance:testCases.TC002_logintest@d9345cd]" started-at="2023-07-13T11:54:33 IST" name="logIn" finished-at="2023-07-13T11:55:04 IST" duration-ms="30792" status="PASS">
          <reporter-output>
          </reporter-output>
        </test-method> <!-- logIn -->
        <test-method is-config="true" signature="tearDown()[pri:0, instance:testCases.TC002_logintest@d9345cd]" started-at="2023-07-13T11:55:04 IST" name="tearDown" finished-at="2023-07-13T11:55:04 IST" duration-ms="184" status="PASS">
          <reporter-output>
          </reporter-output>
        </test-method> <!-- tearDown -->
      </class> <!-- testCases.TC002_logintest -->
      <class name="testCases.TC_001_AccountRegistrationTest">
        <test-method is-config="true" signature="setUp(java.lang.String)[pri:0, instance:testCases.TC_001_AccountRegistrationTest@27f981c6]" started-at="2023-07-13T11:54:17 IST" name="setUp" finished-at="2023-07-13T11:54:23 IST" duration-ms="5342" status="PASS">
          <params>
            <param index="0">
              <value>
                <![CDATA[chrome]]>
              </value>
            </param>
          </params>
          <reporter-output>
          </reporter-output>
        </test-method> <!-- setUp -->
        <test-method signature="test_account_Registration()[pri:0, instance:testCases.TC_001_AccountRegistrationTest@27f981c6]" started-at="2023-07-13T11:54:23 IST" name="test_account_Registration" finished-at="2023-07-13T11:54:27 IST" duration-ms="4311" status="PASS">
          <reporter-output>
          </reporter-output>
        </test-method> <!-- test_account_Registration -->
        <test-method is-config="true" signature="tearDown()[pri:0, instance:testCases.TC_001_AccountRegistrationTest@27f981c6]" started-at="2023-07-13T11:54:27 IST" name="tearDown" finished-at="2023-07-13T11:54:27 IST" duration-ms="240" status="PASS">
          <reporter-output>
          </reporter-output>
        </test-method> <!-- tearDown -->
      </class> <!-- testCases.TC_001_AccountRegistrationTest -->
    </test> <!-- OpencartTest -->
  </suite> <!-- OpencartSuite -->
</testng-results>
